android/app/build/intermediates/manifest_merge_blame_file/release/processReleaseMainManifest/manifest-merger-blame-release-report.txt
1<?xml version="1.0" encoding="utf-8"?>
2<manifest xmlns:android="http://schemas.android.com/apk/res/android"
3    package="kz.anonimka.app"
4    android:versionCode="30"
5    android:versionName="1.0.29" >
6
7    <uses-sdk
8        android:minSdkVersion="24"
9        android:targetSdkVersion="36" />
10
11    <uses-permission android:name="android.permission.INTERNET" />
11-->src\main\AndroidManifest.xml:5:5-67
11-->src\main\AndroidManifest.xml:5:22-64
12    <uses-permission android:name="android.permission.ACCESS_NETWORK_STATE" />
12-->src\main\AndroidManifest.xml:6:5-79
12-->src\main\AndroidManifest.xml:6:22-76
13    <uses-permission android:name="android.permission.READ_EXTERNAL_STORAGE" />
13-->src\main\AndroidManifest.xml:7:5-80
13-->src\main\AndroidManifest.xml:7:22-77
14    <uses-permission
14-->src\main\AndroidManifest.xml:8:5-9:38
15        android:name="android.permission.WRITE_EXTERNAL_STORAGE"
15-->src\main\AndroidManifest.xml:8:22-78
16        android:maxSdkVersion="32" />
16-->src\main\AndroidManifest.xml:9:9-35
17    <uses-permission android:name="android.permission.CAMERA" />
17-->src\main\AndroidManifest.xml:10:5-65
17-->src\main\AndroidManifest.xml:10:22-62
18    <uses-permission android:name="android.permission.READ_MEDIA_IMAGES" />
18-->src\main\AndroidManifest.xml:11:5-76
18-->src\main\AndroidManifest.xml:11:22-73
19
20    <!-- Разрешения для GPS определения местоположения -->
21    <uses-permission android:name="android.permission.ACCESS_FINE_LOCATION" />
21-->src\main\AndroidManifest.xml:14:5-79
21-->src\main\AndroidManifest.xml:14:22-76
22    <uses-permission android:name="android.permission.ACCESS_COARSE_LOCATION" />
22-->src\main\AndroidManifest.xml:15:5-81
22-->src\main\AndroidManifest.xml:15:22-78
23
24    <!-- Разрешения для Push-уведомлений (Android 13+) -->
25    <uses-permission android:name="android.permission.POST_NOTIFICATIONS" />
25-->src\main\AndroidManifest.xml:18:5-77
25-->src\main\AndroidManifest.xml:18:22-74
26    <uses-permission android:name="android.permission.USE_BIOMETRIC" /> <!-- suppress DeprecatedClassUsageInspection -->
26-->[androidx.biometric:biometric:1.2.0-alpha05] AndroidManifest.xml:22:5-72
26-->[androidx.biometric:biometric:1.2.0-alpha05] AndroidManifest.xml:22:22-69
27    <uses-permission android:name="android.permission.USE_FINGERPRINT" />
27-->[androidx.biometric:biometric:1.2.0-alpha05] AndroidManifest.xml:25:5-74
27-->[androidx.biometric:biometric:1.2.0-alpha05] AndroidManifest.xml:25:22-71
28    <uses-permission android:name="android.permission.WAKE_LOCK" /> <!-- Required by older versions of Google Play services to create IID tokens -->
28-->[com.google.firebase:firebase-messaging:24.1.0] AndroidManifest.xml:24:5-68
28-->[com.google.firebase:firebase-messaging:24.1.0] AndroidManifest.xml:24:22-65
29    <uses-permission android:name="com.google.android.c2dm.permission.RECEIVE" />
29-->[com.google.firebase:firebase-messaging:24.1.0] AndroidManifest.xml:26:5-82
29-->[com.google.firebase:firebase-messaging:24.1.0] AndroidManifest.xml:26:22-79
30
31    <permission
31-->[androidx.core:core:1.13.0] AndroidManifest.xml:22:5-24:47
32        android:name="kz.anonimka.app.DYNAMIC_RECEIVER_NOT_EXPORTED_PERMISSION"
32-->[androidx.core:core:1.13.0] AndroidManifest.xml:23:9-81
33        android:protectionLevel="signature" />
33-->[androidx.core:core:1.13.0] AndroidManifest.xml:24:9-44
34
35    <uses-permission android:name="kz.anonimka.app.DYNAMIC_RECEIVER_NOT_EXPORTED_PERMISSION" />
35-->[androidx.core:core:1.13.0] AndroidManifest.xml:26:5-97
35-->[androidx.core:core:1.13.0] AndroidManifest.xml:26:22-94
36
37    <application
37-->src\main\AndroidManifest.xml:20:5-89:19
38        android:allowBackup="true"
38-->src\main\AndroidManifest.xml:21:9-35
39        android:appComponentFactory="androidx.core.app.CoreComponentFactory"
39-->[androidx.core:core:1.13.0] AndroidManifest.xml:28:18-86
40        android:dataExtractionRules="@xml/data_extraction_rules"
40-->src\main\AndroidManifest.xml:22:9-65
41        android:extractNativeLibs="false"
42        android:fullBackupContent="@xml/backup_rules"
42-->src\main\AndroidManifest.xml:23:9-54
43        android:icon="@mipmap/ic_launcher"
43-->src\main\AndroidManifest.xml:24:9-43
44        android:label="@string/app_name"
44-->src\main\AndroidManifest.xml:25:9-41
45        android:roundIcon="@mipmap/ic_launcher_round"
45-->src\main\AndroidManifest.xml:26:9-54
46        android:supportsRtl="true"
46-->src\main\AndroidManifest.xml:27:9-35
47        android:theme="@style/Theme.Anonimka"
47-->src\main\AndroidManifest.xml:28:9-46
48        android:usesCleartextTraffic="false" >
48-->src\main\AndroidManifest.xml:29:9-45
49        <activity
49-->src\main\AndroidManifest.xml:32:9-66:20
50            android:name="kz.anonimka.app.MainActivity"
50-->src\main\AndroidManifest.xml:33:13-41
51            android:configChanges="orientation|keyboardHidden|screenSize"
51-->src\main\AndroidManifest.xml:35:13-74
52            android:exported="true"
52-->src\main\AndroidManifest.xml:34:13-36
53            android:hardwareAccelerated="true"
53-->src\main\AndroidManifest.xml:37:13-47
54            android:theme="@style/AppTheme.NoActionBarLaunch"
54-->src\main\AndroidManifest.xml:38:13-62
55            android:windowSoftInputMode="adjustResize" >
55-->src\main\AndroidManifest.xml:36:13-55
56            <intent-filter>
56-->src\main\AndroidManifest.xml:39:13-42:29
57                <action android:name="android.intent.action.MAIN" />
57-->src\main\AndroidManifest.xml:40:17-69
57-->src\main\AndroidManifest.xml:40:25-66
58
59                <category android:name="android.intent.category.LAUNCHER" />
59-->src\main\AndroidManifest.xml:41:17-77
59-->src\main\AndroidManifest.xml:41:27-74
60            </intent-filter>
61            <intent-filter android:autoVerify="true" >
61-->src\main\AndroidManifest.xml:43:13-50:29
61-->src\main\AndroidManifest.xml:43:28-53
62                <action android:name="android.intent.action.VIEW" />
62-->src\main\AndroidManifest.xml:44:17-69
62-->src\main\AndroidManifest.xml:44:25-66
63
64                <category android:name="android.intent.category.DEFAULT" />
64-->src\main\AndroidManifest.xml:45:17-76
64-->src\main\AndroidManifest.xml:45:27-73
65                <category android:name="android.intent.category.BROWSABLE" />
65-->src\main\AndroidManifest.xml:46:17-78
65-->src\main\AndroidManifest.xml:46:27-75
66
67                <data
67-->src\main\AndroidManifest.xml:47:17-49:52
68                    android:host="anonimka.kz"
68-->src\main\AndroidManifest.xml:48:21-47
69                    android:pathPrefix="/webapp"
69-->src\main\AndroidManifest.xml:49:21-49
70                    android:scheme="https" />
70-->src\main\AndroidManifest.xml:47:23-45
71            </intent-filter>
72            <!-- Custom scheme для Telegram callback -->
73            <intent-filter>
73-->src\main\AndroidManifest.xml:52:13-57:29
74                <action android:name="android.intent.action.VIEW" />
74-->src\main\AndroidManifest.xml:44:17-69
74-->src\main\AndroidManifest.xml:44:25-66
75
76                <category android:name="android.intent.category.DEFAULT" />
76-->src\main\AndroidManifest.xml:45:17-76
76-->src\main\AndroidManifest.xml:45:27-73
77                <category android:name="android.intent.category.BROWSABLE" />
77-->src\main\AndroidManifest.xml:46:17-78
77-->src\main\AndroidManifest.xml:46:27-75
78
79                <data android:scheme="anonimka" />
79-->src\main\AndroidManifest.xml:47:17-49:52
79-->src\main\AndroidManifest.xml:47:23-45
80            </intent-filter>
81            <!-- Telegram deep link -->
82            <intent-filter>
82-->src\main\AndroidManifest.xml:59:13-65:29
83                <action android:name="android.intent.action.VIEW" />
83-->src\main\AndroidManifest.xml:44:17-69
83-->src\main\AndroidManifest.xml:44:25-66
84
85                <category android:name="android.intent.category.DEFAULT" />
85-->src\main\AndroidManifest.xml:45:17-76
85-->src\main\AndroidManifest.xml:45:27-73
86                <category android:name="android.intent.category.BROWSABLE" />
86-->src\main\AndroidManifest.xml:46:17-78
86-->src\main\AndroidManifest.xml:46:27-75
87
88                <data
88-->src\main\AndroidManifest.xml:47:17-49:52
89                    android:host="resolve"
89-->src\main\AndroidManifest.xml:48:21-47
90                    android:scheme="tg" />
90-->src\main\AndroidManifest.xml:47:23-45
91            </intent-filter>
92        </activity>
93        <activity
93-->src\main\AndroidManifest.xml:68:9-71:55
94            android:name="kz.anonimka.app.EmailAuthActivity"
94-->src\main\AndroidManifest.xml:69:13-46
95            android:theme="@style/AppTheme.NoActionBar"
95-->src\main\AndroidManifest.xml:70:13-56
96            android:windowSoftInputMode="adjustPan" />
96-->src\main\AndroidManifest.xml:71:13-52
97        <activity
97-->src\main\AndroidManifest.xml:73:9-78:39
98            android:name="kz.anonimka.app.PinLockActivity"
98-->src\main\AndroidManifest.xml:74:13-44
99            android:excludeFromRecents="true"
99-->src\main\AndroidManifest.xml:77:13-46
100            android:launchMode="singleTop"
100-->src\main\AndroidManifest.xml:76:13-43
101            android:taskAffinity=""
101-->src\main\AndroidManifest.xml:78:13-36
102            android:theme="@style/AppTheme.NoActionBar" />
102-->src\main\AndroidManifest.xml:75:13-56
103
104        <!-- Firebase Cloud Messaging Service -->
105        <service
105-->src\main\AndroidManifest.xml:81:9-87:19
106            android:name="kz.anonimka.app.MyFirebaseMessagingService"
106-->src\main\AndroidManifest.xml:82:13-55
107            android:exported="false" >
107-->src\main\AndroidManifest.xml:83:13-37
108            <intent-filter>
108-->src\main\AndroidManifest.xml:84:13-86:29
109                <action android:name="com.google.firebase.MESSAGING_EVENT" />
109-->src\main\AndroidManifest.xml:85:17-78
109-->src\main\AndroidManifest.xml:85:25-75
110            </intent-filter>
111        </service>
112
113        <receiver
113-->[com.google.firebase:firebase-messaging:24.1.0] AndroidManifest.xml:29:9-40:20
114            android:name="com.google.firebase.iid.FirebaseInstanceIdReceiver"
114-->[com.google.firebase:firebase-messaging:24.1.0] AndroidManifest.xml:30:13-78
115            android:exported="true"
115-->[com.google.firebase:firebase-messaging:24.1.0] AndroidManifest.xml:31:13-36
116            android:permission="com.google.android.c2dm.permission.SEND" >
116-->[com.google.firebase:firebase-messaging:24.1.0] AndroidManifest.xml:32:13-73
117            <intent-filter>
117-->[com.google.firebase:firebase-messaging:24.1.0] AndroidManifest.xml:33:13-35:29
118                <action android:name="com.google.android.c2dm.intent.RECEIVE" />
118-->[com.google.firebase:firebase-messaging:24.1.0] AndroidManifest.xml:34:17-81
118-->[com.google.firebase:firebase-messaging:24.1.0] AndroidManifest.xml:34:25-78
119            </intent-filter>
120
121            <meta-data
121-->[com.google.firebase:firebase-messaging:24.1.0] AndroidManifest.xml:37:13-39:40
122                android:name="com.google.android.gms.cloudmessaging.FINISHED_AFTER_HANDLED"
122-->[com.google.firebase:firebase-messaging:24.1.0] AndroidManifest.xml:38:17-92
123                android:value="true" />
123-->[com.google.firebase:firebase-messaging:24.1.0] AndroidManifest.xml:39:17-37
124        </receiver>
125        <!--
126             FirebaseMessagingService performs security checks at runtime,
127             but set to not exported to explicitly avoid allowing another app to call it.
128        -->
129        <service
129-->[com.google.firebase:firebase-messaging:24.1.0] AndroidManifest.xml:46:9-53:19
130            android:name="com.google.firebase.messaging.FirebaseMessagingService"
130-->[com.google.firebase:firebase-messaging:24.1.0] AndroidManifest.xml:47:13-82
131            android:directBootAware="true"
131-->[com.google.firebase:firebase-messaging:24.1.0] AndroidManifest.xml:48:13-43
132            android:exported="false" >
132-->[com.google.firebase:firebase-messaging:24.1.0] AndroidManifest.xml:49:13-37
133            <intent-filter android:priority="-500" >
133-->src\main\AndroidManifest.xml:84:13-86:29
134                <action android:name="com.google.firebase.MESSAGING_EVENT" />
134-->src\main\AndroidManifest.xml:85:17-78
134-->src\main\AndroidManifest.xml:85:25-75
135            </intent-filter>
136        </service>
137        <service
137-->[com.google.firebase:firebase-messaging:24.1.0] AndroidManifest.xml:54:9-63:19
138            android:name="com.google.firebase.components.ComponentDiscoveryService"
138-->[com.google.firebase:firebase-messaging:24.1.0] AndroidManifest.xml:55:13-84
139            android:directBootAware="true"
139-->[com.google.firebase:firebase-common:21.0.0] AndroidManifest.xml:32:13-43
140            android:exported="false" >
140-->[com.google.firebase:firebase-messaging:24.1.0] AndroidManifest.xml:56:13-37
141            <meta-data
141-->[com.google.firebase:firebase-messaging:24.1.0] AndroidManifest.xml:57:13-59:85
142                android:name="com.google.firebase.components:com.google.firebase.messaging.FirebaseMessagingKtxRegistrar"
142-->[com.google.firebase:firebase-messaging:24.1.0] AndroidManifest.xml:58:17-122
143                android:value="com.google.firebase.components.ComponentRegistrar" />
143-->[com.google.firebase:firebase-messaging:24.1.0] AndroidManifest.xml:59:17-82
144            <meta-data
144-->[com.google.firebase:firebase-messaging:24.1.0] AndroidManifest.xml:60:13-62:85
145                android:name="com.google.firebase.components:com.google.firebase.messaging.FirebaseMessagingRegistrar"
145-->[com.google.firebase:firebase-messaging:24.1.0] AndroidManifest.xml:61:17-119
146                android:value="com.google.firebase.components.ComponentRegistrar" />
146-->[com.google.firebase:firebase-messaging:24.1.0] AndroidManifest.xml:62:17-82
147            <meta-data
147-->[com.google.firebase:firebase-crashlytics:19.3.0] AndroidManifest.xml:15:13-17:85
148                android:name="com.google.firebase.components:com.google.firebase.crashlytics.FirebaseCrashlyticsKtxRegistrar"
148-->[com.google.firebase:firebase-crashlytics:19.3.0] AndroidManifest.xml:16:17-126
149                android:value="com.google.firebase.components.ComponentRegistrar" />
149-->[com.google.firebase:firebase-crashlytics:19.3.0] AndroidManifest.xml:17:17-82
150            <meta-data
150-->[com.google.firebase:firebase-crashlytics:19.3.0] AndroidManifest.xml:18:13-20:85
151                android:name="com.google.firebase.components:com.google.firebase.crashlytics.CrashlyticsRegistrar"
151-->[com.google.firebase:firebase-crashlytics:19.3.0] AndroidManifest.xml:19:17-115
152                android:value="com.google.firebase.components.ComponentRegistrar" />
152-->[com.google.firebase:firebase-crashlytics:19.3.0] AndroidManifest.xml:20:17-82
153            <meta-data
153-->[com.google.firebase:firebase-sessions:2.0.7] AndroidManifest.xml:29:13-31:85
154                android:name="com.google.firebase.components:com.google.firebase.sessions.FirebaseSessionsRegistrar"
154-->[com.google.firebase:firebase-sessions:2.0.7] AndroidManifest.xml:30:17-117
155                android:value="com.google.firebase.components.ComponentRegistrar" />
155-->[com.google.firebase:firebase-sessions:2.0.7] AndroidManifest.xml:31:17-82
156            <meta-data
156-->[com.google.firebase:firebase-installations:18.0.0] AndroidManifest.xml:15:13-17:85
157                android:name="com.google.firebase.components:com.google.firebase.installations.FirebaseInstallationsKtxRegistrar"
157-->[com.google.firebase:firebase-installations:18.0.0] AndroidManifest.xml:16:17-130
158                android:value="com.google.firebase.components.ComponentRegistrar" />
158-->[com.google.firebase:firebase-installations:18.0.0] AndroidManifest.xml:17:17-82
159            <meta-data
159-->[com.google.firebase:firebase-installations:18.0.0] AndroidManifest.xml:18:13-20:85
160                android:name="com.google.firebase.components:com.google.firebase.installations.FirebaseInstallationsRegistrar"
160-->[com.google.firebase:firebase-installations:18.0.0] AndroidManifest.xml:19:17-127
161                android:value="com.google.firebase.components.ComponentRegistrar" />
161-->[com.google.firebase:firebase-installations:18.0.0] AndroidManifest.xml:20:17-82
162            <meta-data
162-->[com.google.firebase:firebase-common-ktx:21.0.0] AndroidManifest.xml:12:13-14:85
163                android:name="com.google.firebase.components:com.google.firebase.ktx.FirebaseCommonLegacyRegistrar"
163-->[com.google.firebase:firebase-common-ktx:21.0.0] AndroidManifest.xml:13:17-116
164                android:value="com.google.firebase.components.ComponentRegistrar" />
164-->[com.google.firebase:firebase-common-ktx:21.0.0] AndroidManifest.xml:14:17-82
165            <meta-data
165-->[com.google.firebase:firebase-common:21.0.0] AndroidManifest.xml:35:13-37:85
166                android:name="com.google.firebase.components:com.google.firebase.FirebaseCommonKtxRegistrar"
166-->[com.google.firebase:firebase-common:21.0.0] AndroidManifest.xml:36:17-109
167                android:value="com.google.firebase.components.ComponentRegistrar" />
167-->[com.google.firebase:firebase-common:21.0.0] AndroidManifest.xml:37:17-82
168            <meta-data
168-->[com.google.firebase:firebase-datatransport:19.0.0] AndroidManifest.xml:25:13-27:85
169                android:name="com.google.firebase.components:com.google.firebase.datatransport.TransportRegistrar"
169-->[com.google.firebase:firebase-datatransport:19.0.0] AndroidManifest.xml:26:17-115
170                android:value="com.google.firebase.components.ComponentRegistrar" />
170-->[com.google.firebase:firebase-datatransport:19.0.0] AndroidManifest.xml:27:17-82
171        </service>
172
173        <activity
173-->[com.google.android.gms:play-services-base:18.0.1] AndroidManifest.xml:20:9-22:45
174            android:name="com.google.android.gms.common.api.GoogleApiActivity"
174-->[com.google.android.gms:play-services-base:18.0.1] AndroidManifest.xml:20:19-85
175            android:exported="false"
175-->[com.google.android.gms:play-services-base:18.0.1] AndroidManifest.xml:22:19-43
176            android:theme="@android:style/Theme.Translucent.NoTitleBar" />
176-->[com.google.android.gms:play-services-base:18.0.1] AndroidManifest.xml:21:19-78
177
178        <service
178-->[com.google.firebase:firebase-sessions:2.0.7] AndroidManifest.xml:22:9-25:40
179            android:name="com.google.firebase.sessions.SessionLifecycleService"
179-->[com.google.firebase:firebase-sessions:2.0.7] AndroidManifest.xml:23:13-80
180            android:enabled="true"
180-->[com.google.firebase:firebase-sessions:2.0.7] AndroidManifest.xml:24:13-35
181            android:exported="false" />
181-->[com.google.firebase:firebase-sessions:2.0.7] AndroidManifest.xml:25:13-37
182
183        <provider
183-->[com.google.firebase:firebase-common:21.0.0] AndroidManifest.xml:23:9-28:39
184            android:name="com.google.firebase.provider.FirebaseInitProvider"
184-->[com.google.firebase:firebase-common:21.0.0] AndroidManifest.xml:24:13-77
185            android:authorities="kz.anonimka.app.firebaseinitprovider"
185-->[com.google.firebase:firebase-common:21.0.0] AndroidManifest.xml:25:13-72
186            android:directBootAware="true"
186-->[com.google.firebase:firebase-common:21.0.0] AndroidManifest.xml:26:13-43
187            android:exported="false"
187-->[com.google.firebase:firebase-common:21.0.0] AndroidManifest.xml:27:13-37
188            android:initOrder="100" />
188-->[com.google.firebase:firebase-common:21.0.0] AndroidManifest.xml:28:13-36
189        <provider
189-->[androidx.emoji2:emoji2:1.3.0] AndroidManifest.xml:24:9-32:20
190            android:name="androidx.startup.InitializationProvider"
190-->[androidx.emoji2:emoji2:1.3.0] AndroidManifest.xml:25:13-67
191            android:authorities="kz.anonimka.app.androidx-startup"
191-->[androidx.emoji2:emoji2:1.3.0] AndroidManifest.xml:26:13-68
192            android:exported="false" >
192-->[androidx.emoji2:emoji2:1.3.0] AndroidManifest.xml:27:13-37
193            <meta-data
193-->[androidx.emoji2:emoji2:1.3.0] AndroidManifest.xml:29:13-31:52
194                android:name="androidx.emoji2.text.EmojiCompatInitializer"
194-->[androidx.emoji2:emoji2:1.3.0] AndroidManifest.xml:30:17-75
195                android:value="androidx.startup" />
195-->[androidx.emoji2:emoji2:1.3.0] AndroidManifest.xml:31:17-49
196            <meta-data
196-->[androidx.lifecycle:lifecycle-process:2.6.2] AndroidManifest.xml:29:13-31:52
197                android:name="androidx.lifecycle.ProcessLifecycleInitializer"
197-->[androidx.lifecycle:lifecycle-process:2.6.2] AndroidManifest.xml:30:17-78
198                android:value="androidx.startup" />
198-->[androidx.lifecycle:lifecycle-process:2.6.2] AndroidManifest.xml:31:17-49
199            <meta-data
199-->[androidx.profileinstaller:profileinstaller:1.3.1] AndroidManifest.xml:29:13-31:52
200                android:name="androidx.profileinstaller.ProfileInstallerInitializer"
200-->[androidx.profileinstaller:profileinstaller:1.3.1] AndroidManifest.xml:30:17-85
201                android:value="androidx.startup" />
201-->[androidx.profileinstaller:profileinstaller:1.3.1] AndroidManifest.xml:31:17-49
202        </provider>
203
204        <meta-data
204-->[com.google.android.gms:play-services-basement:18.3.0] AndroidManifest.xml:21:9-23:69
205            android:name="com.google.android.gms.version"
205-->[com.google.android.gms:play-services-basement:18.3.0] AndroidManifest.xml:22:13-58
206            android:value="@integer/google_play_services_version" />
206-->[com.google.android.gms:play-services-basement:18.3.0] AndroidManifest.xml:23:13-66
207
208        <service
208-->[com.google.android.datatransport:transport-backend-cct:3.3.0] AndroidManifest.xml:26:9-32:19
209            android:name="com.google.android.datatransport.runtime.backends.TransportBackendDiscovery"
209-->[com.google.android.datatransport:transport-backend-cct:3.3.0] AndroidManifest.xml:27:13-103
210            android:exported="false" >
210-->[com.google.android.datatransport:transport-backend-cct:3.3.0] AndroidManifest.xml:28:13-37
211            <meta-data
211-->[com.google.android.datatransport:transport-backend-cct:3.3.0] AndroidManifest.xml:29:13-31:39
212                android:name="backend:com.google.android.datatransport.cct.CctBackendFactory"
212-->[com.google.android.datatransport:transport-backend-cct:3.3.0] AndroidManifest.xml:30:17-94
213                android:value="cct" />
213-->[com.google.android.datatransport:transport-backend-cct:3.3.0] AndroidManifest.xml:31:17-36
214        </service>
215        <service
215-->[com.google.android.datatransport:transport-runtime:3.3.0] AndroidManifest.xml:24:9-28:19
216            android:name="com.google.android.datatransport.runtime.scheduling.jobscheduling.JobInfoSchedulerService"
216-->[com.google.android.datatransport:transport-runtime:3.3.0] AndroidManifest.xml:25:13-117
217            android:exported="false"
217-->[com.google.android.datatransport:transport-runtime:3.3.0] AndroidManifest.xml:26:13-37
218            android:permission="android.permission.BIND_JOB_SERVICE" >
218-->[com.google.android.datatransport:transport-runtime:3.3.0] AndroidManifest.xml:27:13-69
219        </service>
220
221        <receiver
221-->[com.google.android.datatransport:transport-runtime:3.3.0] AndroidManifest.xml:30:9-32:40
222            android:name="com.google.android.datatransport.runtime.scheduling.jobscheduling.AlarmManagerSchedulerBroadcastReceiver"
222-->[com.google.android.datatransport:transport-runtime:3.3.0] AndroidManifest.xml:31:13-132
223            android:exported="false" />
223-->[com.google.android.datatransport:transport-runtime:3.3.0] AndroidManifest.xml:32:13-37
224        <receiver
224-->[androidx.profileinstaller:profileinstaller:1.3.1] AndroidManifest.xml:34:9-52:20
225            android:name="androidx.profileinstaller.ProfileInstallReceiver"
225-->[androidx.profileinstaller:profileinstaller:1.3.1] AndroidManifest.xml:35:13-76
226            android:directBootAware="false"
226-->[androidx.profileinstaller:profileinstaller:1.3.1] AndroidManifest.xml:36:13-44
227            android:enabled="true"
227-->[androidx.profileinstaller:profileinstaller:1.3.1] AndroidManifest.xml:37:13-35
228            android:exported="true"
228-->[androidx.profileinstaller:profileinstaller:1.3.1] AndroidManifest.xml:38:13-36
229            android:permission="android.permission.DUMP" >
229-->[androidx.profileinstaller:profileinstaller:1.3.1] AndroidManifest.xml:39:13-57
230            <intent-filter>
230-->[androidx.profileinstaller:profileinstaller:1.3.1] AndroidManifest.xml:40:13-42:29
231                <action android:name="androidx.profileinstaller.action.INSTALL_PROFILE" />
231-->[androidx.profileinstaller:profileinstaller:1.3.1] AndroidManifest.xml:41:17-91
231-->[androidx.profileinstaller:profileinstaller:1.3.1] AndroidManifest.xml:41:25-88
232            </intent-filter>
233            <intent-filter>
233-->[androidx.profileinstaller:profileinstaller:1.3.1] AndroidManifest.xml:43:13-45:29
234                <action android:name="androidx.profileinstaller.action.SKIP_FILE" />
234-->[androidx.profileinstaller:profileinstaller:1.3.1] AndroidManifest.xml:44:17-85
234-->[androidx.profileinstaller:profileinstaller:1.3.1] AndroidManifest.xml:44:25-82
235            </intent-filter>
236            <intent-filter>
236-->[androidx.profileinstaller:profileinstaller:1.3.1] AndroidManifest.xml:46:13-48:29
237                <action android:name="androidx.profileinstaller.action.SAVE_PROFILE" />
237-->[androidx.profileinstaller:profileinstaller:1.3.1] AndroidManifest.xml:47:17-88
237-->[androidx.profileinstaller:profileinstaller:1.3.1] AndroidManifest.xml:47:25-85
238            </intent-filter>
239            <intent-filter>
239-->[androidx.profileinstaller:profileinstaller:1.3.1] AndroidManifest.xml:49:13-51:29
240                <action android:name="androidx.profileinstaller.action.BENCHMARK_OPERATION" />
240-->[androidx.profileinstaller:profileinstaller:1.3.1] AndroidManifest.xml:50:17-95
240-->[androidx.profileinstaller:profileinstaller:1.3.1] AndroidManifest.xml:50:25-92
241            </intent-filter>
242        </receiver> <!-- The activities will be merged into the manifest of the hosting app. -->
243        <activity
243-->[com.google.android.play:core-common:2.0.3] AndroidManifest.xml:14:9-18:65
244            android:name="com.google.android.play.core.common.PlayCoreDialogWrapperActivity"
244-->[com.google.android.play:core-common:2.0.3] AndroidManifest.xml:15:13-93
245            android:exported="false"
245-->[com.google.android.play:core-common:2.0.3] AndroidManifest.xml:16:13-37
246            android:stateNotNeeded="true"
246-->[com.google.android.play:core-common:2.0.3] AndroidManifest.xml:17:13-42
247            android:theme="@style/Theme.PlayCore.Transparent" />
247-->[com.google.android.play:core-common:2.0.3] AndroidManifest.xml:18:13-62
248    </application>
249
250</manifest>